#
# There is insufficient memory for the Java Runtime Environment to continue.
# Native memory allocation (mmap) failed to map 343932928 bytes for G1 virtual space
# Possible reasons:
#   The system is out of physical RAM or swap space
#   The process is running with CompressedOops enabled, and the Java Heap may be blocking the growth of the native heap
# Possible solutions:
#   Reduce memory load on the system
#   Increase physical memory or swap space
#   Check if swap backing store is full
#   Decrease Java heap size (-Xmx/-Xms)
#   Decrease number of Java threads
#   Decrease Java thread stack sizes (-Xss)
#   Set larger code cache with -XX:ReservedCodeCacheSize=
#   JVM is running with Zero Based Compressed Oops mode in which the Java heap is
#     placed in the first 32GB address space. The Java Heap base address is the
#     maximum limit for the native heap growth. Please use -XX:HeapBaseMinAddress
#     to set the Java Heap base and to place the Java Heap above 32GB virtual address.
# This output file may be truncated or incomplete.
#
#  Out of Memory Error (os_windows.cpp:3466), pid=21376, tid=21452
#
# JRE version: OpenJDK Runtime Environment (16.0.1+9) (build 16.0.1+9-24)
# Java VM: OpenJDK 64-Bit Server VM (16.0.1+9-24, mixed mode, sharing, tiered, compressed oops, compressed class ptrs, g1 gc, windows-amd64)
# No core dump will be written. Minidumps are not enabled by default on client versions of Windows
#

---------------  S U M M A R Y ------------

Command Line: -XX:TieredStopAtLevel=1 -Xverify:none -Dspring.output.ansi.enabled=always -javaagent:D:\Program Files\JetBrains\IntelliJ IDEA 2020.2.3\lib\idea_rt.jar=1443:D:\Program Files\JetBrains\IntelliJ IDEA 2020.2.3\bin -Dcom.sun.management.jmxremote -Dspring.jmx.enabled=true -Dspring.liveBeansView.mbeanDomain -Dspring.application.admin.enabled=true -Dfile.encoding=UTF-8 com.lt.dom.DomApplication

Host: Intel(R) Core(TM) i5-3320M CPU @ 2.60GHz, 4 cores, 15G,  Windows 10 , 64 bit Build 19041 (10.0.19041.1889)
Time: Thu Sep  8 22:15:29 2022  Windows 10 , 64 bit Build 19041 (10.0.19041.1889) elapsed time: 53.163751 seconds (0d 0h 0m 53s)

---------------  T H R E A D  ---------------

Current thread (0x000001ab2281f380):  VMThread "VM Thread" [stack: 0x0000000cd2400000,0x0000000cd2500000] [id=21452]

Stack: [0x0000000cd2400000,0x0000000cd2500000]
Native frames: (J=compiled Java code, j=interpreted, Vv=VM code, C=native code)
V  [jvm.dll+0x6687ca]
V  [jvm.dll+0x7ca3c9]
V  [jvm.dll+0x7cbb53]
V  [jvm.dll+0x7cc1b3]
V  [jvm.dll+0x242ea5]
V  [jvm.dll+0x665589]
V  [jvm.dll+0x65a175]
V  [jvm.dll+0x2fc5ab]
V  [jvm.dll+0x3037a6]
V  [jvm.dll+0x352fee]
V  [jvm.dll+0x35321f]
V  [jvm.dll+0x2d3618]
V  [jvm.dll+0x2d11a5]
V  [jvm.dll+0x2d07dc]
V  [jvm.dll+0x3158c2]
V  [jvm.dll+0x7d05eb]
V  [jvm.dll+0x7d12e4]
V  [jvm.dll+0x7d17e9]
V  [jvm.dll+0x7d1aa4]
V  [jvm.dll+0x7d1b70]
V  [jvm.dll+0x779b4a]
V  [jvm.dll+0x667666]
C  [ucrtbase.dll+0x21bb2]
C  [KERNEL32.DLL+0x17034]
C  [ntdll.dll+0x52651]

VM_Operation (0x0000000cd3eff1d0): G1CollectForAllocation, mode: safepoint, requested by thread 0x000001ab296065c0


---------------  P R O C E S S  ---------------

Threads class SMR info:
_java_thread_list=0x000001ab27aa07d0, length=32, elements={
0x000001ab7a19ee70, 0x000001ab22824770, 0x000001ab22825630, 0x000001ab2283af80,
0x000001ab2283eb10, 0x000001ab2283fbc0, 0x000001ab22841c80, 0x000001ab22846230,
0x000001ab22849ad0, 0x000001ab22806100, 0x000001ab23e42070, 0x000001ab23e42590,
0x000001ab23f64050, 0x000001ab23456740, 0x000001ab234a4310, 0x000001ab278bee10,
0x000001ab29164040, 0x000001ab2913c570, 0x000001ab24a7e0a0, 0x000001ab296065c0,
0x000001ab29607060, 0x000001ab2960d550, 0x000001ab296085a0, 0x000001ab2960daa0,
0x000001ab29606070, 0x000001ab29606b10, 0x000001ab2960b020, 0x000001ab29609ae0,
0x000001ab2960aad0, 0x000001ab2960c010, 0x000001ab29608af0, 0x000001ab29609590
}

Java Threads: ( => current thread )
  0x000001ab7a19ee70 JavaThread "main" [_thread_blocked, id=16392, stack(0x0000000cd1e00000,0x0000000cd1f00000)]
  0x000001ab22824770 JavaThread "Reference Handler" daemon [_thread_blocked, id=22560, stack(0x0000000cd2500000,0x0000000cd2600000)]
  0x000001ab22825630 JavaThread "Finalizer" daemon [_thread_blocked, id=20064, stack(0x0000000cd2600000,0x0000000cd2700000)]
  0x000001ab2283af80 JavaThread "Signal Dispatcher" daemon [_thread_blocked, id=13824, stack(0x0000000cd2700000,0x0000000cd2800000)]
  0x000001ab2283eb10 JavaThread "Attach Listener" daemon [_thread_blocked, id=22224, stack(0x0000000cd2800000,0x0000000cd2900000)]
  0x000001ab2283fbc0 JavaThread "Service Thread" daemon [_thread_blocked, id=9412, stack(0x0000000cd2900000,0x0000000cd2a00000)]
  0x000001ab22841c80 JavaThread "Monitor Deflation Thread" daemon [_thread_blocked, id=18268, stack(0x0000000cd2a00000,0x0000000cd2b00000)]
  0x000001ab22846230 JavaThread "C1 CompilerThread0" daemon [_thread_blocked, id=928, stack(0x0000000cd2b00000,0x0000000cd2c00000)]
  0x000001ab22849ad0 JavaThread "Sweeper thread" daemon [_thread_blocked, id=10564, stack(0x0000000cd2c00000,0x0000000cd2d00000)]
  0x000001ab22806100 JavaThread "Common-Cleaner" daemon [_thread_blocked, id=26280, stack(0x0000000cd2d00000,0x0000000cd2e00000)]
  0x000001ab23e42070 JavaThread "Monitor Ctrl-Break" daemon [_thread_in_native, id=13488, stack(0x0000000cd3100000,0x0000000cd3200000)]
  0x000001ab23e42590 JavaThread "Notification Thread" daemon [_thread_blocked, id=5364, stack(0x0000000cd3200000,0x0000000cd3300000)]
  0x000001ab23f64050 JavaThread "RMI TCP Accept-0" daemon [_thread_in_native, id=13388, stack(0x0000000cd3300000,0x0000000cd3400000)]
  0x000001ab23456740 JavaThread "mysql-cj-abandoned-connection-cleanup" daemon [_thread_blocked, id=20756, stack(0x0000000cd3600000,0x0000000cd3700000)]
  0x000001ab234a4310 JavaThread "HikariPool-1 housekeeper" daemon [_thread_blocked, id=6628, stack(0x0000000cd3700000,0x0000000cd3800000)]
  0x000001ab278bee10 JavaThread "Catalina-utility-1" [_thread_blocked, id=27040, stack(0x0000000cd3a00000,0x0000000cd3b00000)]
  0x000001ab29164040 JavaThread "Catalina-utility-2" [_thread_blocked, id=18740, stack(0x0000000cd3b00000,0x0000000cd3c00000)]
  0x000001ab2913c570 JavaThread "container-0" [_thread_blocked, id=30164, stack(0x0000000cd3c00000,0x0000000cd3d00000)]
  0x000001ab24a7e0a0 JavaThread "lettuce-timer-3-1" daemon [_thread_blocked, id=30024, stack(0x0000000cd3d00000,0x0000000cd3e00000)]
  0x000001ab296065c0 JavaThread "TopicSubscriptionManager" [_thread_blocked, id=30284, stack(0x0000000cd3e00000,0x0000000cd3f00000)]
  0x000001ab29607060 JavaThread "http-nio-8080-exec-1" daemon [_thread_blocked, id=17456, stack(0x0000000cd3f00000,0x0000000cd4000000)]
  0x000001ab2960d550 JavaThread "http-nio-8080-exec-2" daemon [_thread_blocked, id=22004, stack(0x0000000cd4000000,0x0000000cd4100000)]
  0x000001ab296085a0 JavaThread "http-nio-8080-exec-3" daemon [_thread_blocked, id=20332, stack(0x0000000cd4100000,0x0000000cd4200000)]
  0x000001ab2960daa0 JavaThread "http-nio-8080-exec-4" daemon [_thread_blocked, id=15704, stack(0x0000000cd4200000,0x0000000cd4300000)]
  0x000001ab29606070 JavaThread "http-nio-8080-exec-5" daemon [_thread_blocked, id=28356, stack(0x0000000cd4300000,0x0000000cd4400000)]
  0x000001ab29606b10 JavaThread "http-nio-8080-exec-6" daemon [_thread_blocked, id=19544, stack(0x0000000cd4400000,0x0000000cd4500000)]
  0x000001ab2960b020 JavaThread "http-nio-8080-exec-7" daemon [_thread_blocked, id=5872, stack(0x0000000cd4600000,0x0000000cd4700000)]
  0x000001ab29609ae0 JavaThread "http-nio-8080-exec-8" daemon [_thread_blocked, id=30192, stack(0x0000000cd4700000,0x0000000cd4800000)]
  0x000001ab2960aad0 JavaThread "http-nio-8080-exec-9" daemon [_thread_blocked, id=3384, stack(0x0000000cd4800000,0x0000000cd4900000)]
  0x000001ab2960c010 JavaThread "http-nio-8080-exec-10" daemon [_thread_blocked, id=24084, stack(0x0000000cd4900000,0x0000000cd4a00000)]
  0x000001ab29608af0 JavaThread "http-nio-8080-Poller" daemon [_thread_in_native, id=24672, stack(0x0000000cd4b00000,0x0000000cd4c00000)]
  0x000001ab29609590 JavaThread "http-nio-8080-Acceptor" daemon [_thread_in_native, id=3136, stack(0x0000000cd4c00000,0x0000000cd4d00000)]

Other Threads:
=>0x000001ab2281f380 VMThread "VM Thread" [stack: 0x0000000cd2400000,0x0000000cd2500000] [id=21452]
  0x000001ab7a19fc80 WatcherThread [stack: 0x0000000cd3400000,0x0000000cd3500000] [id=27764]
  0x000001ab7a1ee980 GCTaskThread "GC Thread#0" [stack: 0x0000000cd1f00000,0x0000000cd2000000] [id=30676]
  0x000001ab235dd9e0 GCTaskThread "GC Thread#1" [stack: 0x0000000cd2e00000,0x0000000cd2f00000] [id=16656]
  0x000001ab235ddcf0 GCTaskThread "GC Thread#2" [stack: 0x0000000cd2f00000,0x0000000cd3000000] [id=27476]
  0x000001ab235de000 GCTaskThread "GC Thread#3" [stack: 0x0000000cd3000000,0x0000000cd3100000] [id=30468]
  0x000001ab7a1ff4c0 ConcurrentGCThread "G1 Main Marker" [stack: 0x0000000cd2000000,0x0000000cd2100000] [id=21828]
  0x000001ab7a1fff30 ConcurrentGCThread "G1 Conc#0" [stack: 0x0000000cd2100000,0x0000000cd2200000] [id=30224]
  0x000001ab7a27ea60 ConcurrentGCThread "G1 Refine#0" [stack: 0x0000000cd2200000,0x0000000cd2300000] [id=6540]
  0x000001ab2502f830 ConcurrentGCThread "G1 Refine#1" [stack: 0x0000000cd3500000,0x0000000cd3600000] [id=27412]
  0x000001ab277a9480 ConcurrentGCThread "G1 Refine#2" [stack: 0x0000000cd4500000,0x0000000cd4600000] [id=29548]
  0x000001ab275eaa20 ConcurrentGCThread "G1 Refine#3" [stack: 0x0000000cd4a00000,0x0000000cd4b00000] [id=19096]
  0x000001ab226d6620 ConcurrentGCThread "G1 Service" [stack: 0x0000000cd2300000,0x0000000cd2400000] [id=16500]

Threads with active compile tasks:

VM state: at safepoint (normal execution)

VM Mutex/Monitor currently owned by a thread:  ([mutex/lock_event])
[0x000001ab7a19a650] Threads_lock - owner thread: 0x000001ab2281f380
[0x000001ab7a19ad10] Heap_lock - owner thread: 0x000001ab296065c0

Heap address: 0x0000000705000000, size: 4016 MB, Compressed Oops mode: Zero based, Oop shift amount: 3

CDS archive(s) mapped at: [0x0000000800000000-0x0000000800bb0000-0x0000000800bb0000), size 12255232, SharedBaseAddress: 0x0000000800000000, ArchiveRelocationMode: 0.
Compressed class space mapped at: 0x0000000800c00000-0x0000000840c00000, reserved size: 1073741824
Narrow klass base: 0x0000000800000000, Narrow klass shift: 3, Narrow klass range: 0x100000000

GC Precious Log:
 CPUs: 4 total, 4 available
 Memory: 16063M
 Large Page Support: Disabled
 NUMA Support: Disabled
 Compressed Oops: Enabled (Zero based)
 Heap Region Size: 2M
 Heap Min Capacity: 8M
 Heap Initial Capacity: 252M
 Heap Max Capacity: 4016M
 Pre-touch: Disabled
 Parallel Workers: 4
 Concurrent Workers: 1
 Concurrent Refinement Workers: 4
 Periodic GC: Disabled

Heap:
 garbage-first heap   total 335872K, used 158967K [0x0000000705000000, 0x0000000800000000)
  region size 2048K, 1 young (2048K), 1 survivors (2048K)
 Metaspace       used 86089K, committed 86720K, reserved 1130496K
  class space    used 10906K, committed 11200K, reserved 1048576K

Heap Regions: E=young(eden), S=young(survivor), O=old, HS=humongous(starts), HC=humongous(continues), CS=collection set, F=free, OA=open archive, CA=closed archive, TAMS=top-at-mark-start (previous, next)
|   0|0x0000000705000000, 0x0000000705200000, 0x0000000705200000|100%|HS|  |TAMS 0x0000000705200000, 0x0000000705200000| Complete 
|   1|0x0000000705200000, 0x0000000705400000, 0x0000000705400000|100%| O|  |TAMS 0x0000000705400000, 0x0000000705400000| Untracked 
|   2|0x0000000705400000, 0x0000000705600000, 0x0000000705600000|100%| O|  |TAMS 0x0000000705600000, 0x0000000705600000| Untracked 
|   3|0x0000000705600000, 0x0000000705800000, 0x0000000705800000|100%| O|  |TAMS 0x0000000705800000, 0x0000000705800000| Untracked 
|   4|0x0000000705800000, 0x0000000705a00000, 0x0000000705a00000|100%| O|  |TAMS 0x0000000705a00000, 0x0000000705a00000| Untracked 
|   5|0x0000000705a00000, 0x0000000705c00000, 0x0000000705c00000|100%| O|  |TAMS 0x0000000705c00000, 0x0000000705c00000| Untracked 
|   6|0x0000000705c00000, 0x0000000705e00000, 0x0000000705e00000|100%| O|  |TAMS 0x0000000705e00000, 0x0000000705e00000| Untracked 
|   7|0x0000000705e00000, 0x0000000706000000, 0x0000000706000000|100%| O|  |TAMS 0x0000000706000000, 0x0000000706000000| Untracked 
|   8|0x0000000706000000, 0x0000000706000000, 0x0000000706200000|  0%| F|  |TAMS 0x0000000706000000, 0x0000000706000000| Untracked 
|   9|0x0000000706200000, 0x0000000706400000, 0x0000000706400000|100%| O|  |TAMS 0x0000000706400000, 0x0000000706400000| Untracked 
|  10|0x0000000706400000, 0x0000000706600000, 0x0000000706600000|100%| O|  |TAMS 0x0000000706600000, 0x0000000706600000| Untracked 
|  11|0x0000000706600000, 0x0000000706800000, 0x0000000706800000|100%| O|  |TAMS 0x0000000706800000, 0x0000000706800000| Untracked 
|  12|0x0000000706800000, 0x0000000706a00000, 0x0000000706a00000|100%| O|  |TAMS 0x0000000706a00000, 0x0000000706a00000| Untracked 
|  13|0x0000000706a00000, 0x0000000706c00000, 0x0000000706c00000|100%| O|  |TAMS 0x0000000706c00000, 0x0000000706c00000| Untracked 
|  14|0x0000000706c00000, 0x0000000706e00000, 0x0000000706e00000|100%| O|  |TAMS 0x0000000706e00000, 0x0000000706e00000| Untracked 
|  15|0x0000000706e00000, 0x0000000707000000, 0x0000000707000000|100%| O|  |TAMS 0x0000000707000000, 0x0000000707000000| Untracked 
|  16|0x0000000707000000, 0x0000000707200000, 0x0000000707200000|100%| O|  |TAMS 0x0000000707200000, 0x0000000707200000| Untracked 
|  17|0x0000000707200000, 0x0000000707400000, 0x0000000707400000|100%| O|  |TAMS 0x0000000707400000, 0x0000000707400000| Untracked 
|  18|0x0000000707400000, 0x0000000707600000, 0x0000000707600000|100%| O|  |TAMS 0x0000000707600000, 0x0000000707600000| Untracked 
|  19|0x0000000707600000, 0x0000000707800000, 0x0000000707800000|100%| O|  |TAMS 0x0000000707800000, 0x0000000707800000| Untracked 
|  20|0x0000000707800000, 0x0000000707a00000, 0x0000000707a00000|100%| O|  |TAMS 0x0000000707a00000, 0x0000000707a00000| Untracked 
|  21|0x0000000707a00000, 0x0000000707c00000, 0x0000000707c00000|100%| O|  |TAMS 0x0000000707c00000, 0x0000000707c00000| Untracked 
|  22|0x0000000707c00000, 0x0000000707e00000, 0x0000000707e00000|100%| O|  |TAMS 0x0000000707e00000, 0x0000000707e00000| Untracked 
|  23|0x0000000707e00000, 0x0000000708000000, 0x0000000708000000|100%| O|  |TAMS 0x0000000708000000, 0x0000000708000000| Untracked 
|  24|0x0000000708000000, 0x0000000708200000, 0x0000000708200000|100%| O|  |TAMS 0x0000000708200000, 0x0000000708200000| Untracked 
|  25|0x0000000708200000, 0x0000000708400000, 0x0000000708400000|100%| O|  |TAMS 0x0000000708400000, 0x0000000708400000| Untracked 
|  26|0x0000000708400000, 0x0000000708600000, 0x0000000708600000|100%| O|  |TAMS 0x0000000708600000, 0x0000000708600000| Untracked 
|  27|0x0000000708600000, 0x0000000708800000, 0x0000000708800000|100%| O|  |TAMS 0x0000000708800000, 0x0000000708800000| Untracked 
|  28|0x0000000708800000, 0x0000000708a00000, 0x0000000708a00000|100%| O|  |TAMS 0x0000000708a00000, 0x0000000708a00000| Untracked 
|  29|0x0000000708a00000, 0x0000000708c00000, 0x0000000708c00000|100%| O|  |TAMS 0x0000000708c00000, 0x0000000708c00000| Untracked 
|  30|0x0000000708c00000, 0x0000000708e00000, 0x0000000708e00000|100%| O|  |TAMS 0x0000000708e00000, 0x0000000708e00000| Untracked 
|  31|0x0000000708e00000, 0x0000000709000000, 0x0000000709000000|100%| O|  |TAMS 0x0000000709000000, 0x0000000709000000| Untracked 
|  32|0x0000000709000000, 0x0000000709200000, 0x0000000709200000|100%| O|  |TAMS 0x0000000709200000, 0x0000000709200000| Untracked 
|  33|0x0000000709200000, 0x0000000709400000, 0x0000000709400000|100%| O|  |TAMS 0x0000000709400000, 0x0000000709400000| Untracked 
|  34|0x0000000709400000, 0x0000000709600000, 0x0000000709600000|100%| O|  |TAMS 0x0000000709600000, 0x0000000709600000| Untracked 
|  35|0x0000000709600000, 0x0000000709800000, 0x0000000709800000|100%| O|  |TAMS 0x0000000709800000, 0x0000000709800000| Untracked 
|  36|0x0000000709800000, 0x0000000709a00000, 0x0000000709a00000|100%| O|  |TAMS 0x0000000709a00000, 0x0000000709a00000| Untracked 
|  37|0x0000000709a00000, 0x0000000709c00000, 0x0000000709c00000|100%| O|  |TAMS 0x0000000709c00000, 0x0000000709c00000| Untracked 
|  38|0x0000000709c00000, 0x0000000709c00000, 0x0000000709e00000|  0%| F|  |TAMS 0x0000000709c00000, 0x0000000709c00000| Untracked 
|  39|0x0000000709e00000, 0x000000070a000000, 0x000000070a000000|100%| O|  |TAMS 0x000000070a000000, 0x000000070a000000| Untracked 
|  40|0x000000070a000000, 0x000000070a000000, 0x000000070a200000|  0%| F|  |TAMS 0x000000070a000000, 0x000000070a000000| Untracked 
|  41|0x000000070a200000, 0x000000070a200000, 0x000000070a400000|  0%| F|  |TAMS 0x000000070a200000, 0x000000070a200000| Untracked 
|  42|0x000000070a400000, 0x000000070a400000, 0x000000070a600000|  0%| F|  |TAMS 0x000000070a400000, 0x000000070a400000| Untracked 
|  43|0x000000070a600000, 0x000000070a600000, 0x000000070a800000|  0%| F|  |TAMS 0x000000070a600000, 0x000000070a600000| Untracked 
|  44|0x000000070a800000, 0x000000070a800000, 0x000000070aa00000|  0%| F|  |TAMS 0x000000070a800000, 0x000000070a800000| Untracked 
|  45|0x000000070aa00000, 0x000000070ac00000, 0x000000070ac00000|100%| O|  |TAMS 0x000000070ac00000, 0x000000070ac00000| Untracked 
|  46|0x000000070ac00000, 0x000000070ac00000, 0x000000070ae00000|  0%| F|  |TAMS 0x000000070ac00000, 0x000000070ac00000| Untracked 
|  47|0x000000070ae00000, 0x000000070ae00000, 0x000000070b000000|  0%| F|  |TAMS 0x000000070ae00000, 0x000000070ae00000| Untracked 
|  48|0x000000070b000000, 0x000000070b200000, 0x000000070b200000|100%| O|  |TAMS 0x000000070b000000, 0x000000070b200000| Untracked 
|  49|0x000000070b200000, 0x000000070b400000, 0x000000070b400000|100%| O|  |TAMS 0x000000070b400000, 0x000000070b400000| Untracked 
|  50|0x000000070b400000, 0x000000070b600000, 0x000000070b600000|100%| O|  |TAMS 0x000000070b600000, 0x000000070b600000| Untracked 
|  51|0x000000070b600000, 0x000000070b600000, 0x000000070b800000|  0%| F|  |TAMS 0x000000070b600000, 0x000000070b600000| Untracked 
|  52|0x000000070b800000, 0x000000070b800000, 0x000000070ba00000|  0%| F|  |TAMS 0x000000070b800000, 0x000000070b800000| Untracked 
|  53|0x000000070ba00000, 0x000000070ba00000, 0x000000070bc00000|  0%| F|  |TAMS 0x000000070ba00000, 0x000000070ba00000| Untracked 
|  54|0x000000070bc00000, 0x000000070bc00000, 0x000000070be00000|  0%| F|  |TAMS 0x000000070bc00000, 0x000000070bc00000| Untracked 
|  55|0x000000070be00000, 0x000000070be00000, 0x000000070c000000|  0%| F|  |TAMS 0x000000070be00000, 0x000000070be00000| Untracked 
|  56|0x000000070c000000, 0x000000070c000000, 0x000000070c200000|  0%| F|  |TAMS 0x000000070c000000, 0x000000070c000000| Untracked 
|  57|0x000000070c200000, 0x000000070c200000, 0x000000070c400000|  0%| F|  |TAMS 0x000000070c200000, 0x000000070c200000| Untracked 
|  58|0x000000070c400000, 0x000000070c600000, 0x000000070c600000|100%| O|  |TAMS 0x000000070c600000, 0x000000070c600000| Untracked 
|  59|0x000000070c600000, 0x000000070c800000, 0x000000070c800000|100%| O|  |TAMS 0x000000070c800000, 0x000000070c800000| Untracked 
|  60|0x000000070c800000, 0x000000070ca00000, 0x000000070ca00000|100%| O|  |TAMS 0x000000070ca00000, 0x000000070ca00000| Untracked 
|  61|0x000000070ca00000, 0x000000070cc00000, 0x000000070cc00000|100%| O|  |TAMS 0x000000070cc00000, 0x000000070cc00000| Untracked 
|  62|0x000000070cc00000, 0x000000070ce00000, 0x000000070ce00000|100%| O|  |TAMS 0x000000070ce00000, 0x000000070ce00000| Untracked 
|  63|0x000000070ce00000, 0x000000070d000000, 0x000000070d000000|100%| O|  |TAMS 0x000000070d000000, 0x000000070d000000| Untracked 
|  64|0x000000070d000000, 0x000000070d200000, 0x000000070d200000|100%| O|  |TAMS 0x000000070d200000, 0x000000070d200000| Untracked 
|  65|0x000000070d200000, 0x000000070d400000, 0x000000070d400000|100%| O|  |TAMS 0x000000070d400000, 0x000000070d400000| Untracked 
|  66|0x000000070d400000, 0x000000070d600000, 0x000000070d600000|100%| O|  |TAMS 0x000000070d600000, 0x000000070d600000| Untracked 
|  67|0x000000070d600000, 0x000000070d800000, 0x000000070d800000|100%| O|  |TAMS 0x000000070d800000, 0x000000070d800000| Untracked 
|  68|0x000000070d800000, 0x000000070da00000, 0x000000070da00000|100%| O|  |TAMS 0x000000070da00000, 0x000000070da00000| Untracked 
|  69|0x000000070da00000, 0x000000070dc00000, 0x000000070dc00000|100%| O|  |TAMS 0x000000070da00000, 0x000000070dc00000| Untracked 
|  70|0x000000070dc00000, 0x000000070de00000, 0x000000070de00000|100%| O|  |TAMS 0x000000070de00000, 0x000000070de00000| Untracked 
|  71|0x000000070de00000, 0x000000070e000000, 0x000000070e000000|100%| O|  |TAMS 0x000000070e000000, 0x000000070e000000| Untracked 
|  72|0x000000070e000000, 0x000000070e200000, 0x000000070e200000|100%| O|  |TAMS 0x000000070e200000, 0x000000070e200000| Untracked 
|  73|0x000000070e200000, 0x000000070e400000, 0x000000070e400000|100%| O|  |TAMS 0x000000070e400000, 0x000000070e400000| Untracked 
|  74|0x000000070e400000, 0x000000070e600000, 0x000000070e600000|100%| O|  |TAMS 0x000000070e600000, 0x000000070e600000| Untracked 
|  75|0x000000070e600000, 0x000000070e800000, 0x000000070e800000|100%| O|  |TAMS 0x000000070e800000, 0x000000070e800000| Untracked 
|  76|0x000000070e800000, 0x000000070ea00000, 0x000000070ea00000|100%| O|  |TAMS 0x000000070ea00000, 0x000000070ea00000| Untracked 
|  77|0x000000070ea00000, 0x000000070ea00000, 0x000000070ec00000|  0%| F|  |TAMS 0x000000070ea00000, 0x000000070ea00000| Untracked 
|  78|0x000000070ec00000, 0x000000070ee00000, 0x000000070ee00000|100%| O|  |TAMS 0x000000070ec00000, 0x000000070ee00000| Untracked 
|  79|0x000000070ee00000, 0x000000070f000000, 0x000000070f000000|100%| O|  |TAMS 0x000000070ee00000, 0x000000070f000000| Untracked 
|  80|0x000000070f000000, 0x000000070f200000, 0x000000070f200000|100%| O|  |TAMS 0x000000070f000000, 0x000000070f200000| Untracked 
|  81|0x000000070f200000, 0x000000070f400000, 0x000000070f400000|100%| O|  |TAMS 0x000000070f200000, 0x000000070f400000| Untracked 
|  82|0x000000070f400000, 0x000000070f600000, 0x000000070f600000|100%| O|  |TAMS 0x000000070f400000, 0x000000070f600000| Untracked 
|  83|0x000000070f600000, 0x000000070f800000, 0x000000070f800000|100%| O|  |TAMS 0x000000070f600000, 0x000000070f800000| Untracked 
|  84|0x000000070f800000, 0x000000070fa00000, 0x000000070fa00000|100%| O|  |TAMS 0x000000070f800000, 0x000000070fa00000| Untracked 
|  85|0x000000070fa00000, 0x000000070fc00000, 0x000000070fc00000|100%| O|  |TAMS 0x000000070fa00000, 0x000000070fc00000| Untracked 
|  86|0x000000070fc00000, 0x000000070fe00000, 0x000000070fe00000|100%| O|  |TAMS 0x000000070fc00000, 0x000000070fe00000| Untracked 
|  87|0x000000070fe00000, 0x0000000710000000, 0x0000000710000000|100%| O|  |TAMS 0x000000070fe00000, 0x0000000710000000| Untracked 
|  88|0x0000000710000000, 0x0000000710200000, 0x0000000710200000|100%| O|  |TAMS 0x0000000710000000, 0x0000000710200000| Untracked 
|  89|0x0000000710200000, 0x0000000710400000, 0x0000000710400000|100%| O|  |TAMS 0x0000000710200000, 0x0000000710400000| Untracked 
|  90|0x0000000710400000, 0x0000000710600000, 0x0000000710600000|100%| O|  |TAMS 0x0000000710400000, 0x0000000710600000| Untracked 
|  91|0x0000000710600000, 0x0000000710800000, 0x0000000710800000|100%| O|  |TAMS 0x0000000710600000, 0x0000000710800000| Untracked 
|  92|0x0000000710800000, 0x0000000710a00000, 0x0000000710a00000|100%| O|  |TAMS 0x0000000710800000, 0x0000000710a00000| Untracked 
|  93|0x0000000710a00000, 0x0000000710c00000, 0x0000000710c00000|100%| O|  |TAMS 0x0000000710a00000, 0x0000000710c00000| Untracked 
|  94|0x0000000710c00000, 0x0000000710c00000, 0x0000000710e00000|  0%| F|  |TAMS 0x0000000710c00000, 0x0000000710c00000| Untracked 
|  95|0x0000000710e00000, 0x0000000710e00000, 0x0000000711000000|  0%| F|  |TAMS 0x0000000710e00000, 0x0000000710e00000| Untracked 
|  96|0x0000000711000000, 0x0000000711000000, 0x0000000711200000|  0%| F|  |TAMS 0x0000000711000000, 0x0000000711000000| Untracked 
|  97|0x0000000711200000, 0x0000000711200000, 0x0000000711400000|  0%| F|  |TAMS 0x0000000711200000, 0x0000000711200000| Untracked 
|  98|0x0000000711400000, 0x0000000711400000, 0x0000000711600000|  0%| F|  |TAMS 0x0000000711400000, 0x0000000711400000| Untracked 
|  99|0x0000000711600000, 0x0000000711600000, 0x0000000711800000|  0%| F|  |TAMS 0x0000000711600000, 0x0000000711600000| Untracked 
| 100|0x0000000711800000, 0x0000000711800000, 0x0000000711a00000|  0%| F|  |TAMS 0x0000000711800000, 0x0000000711800000| Untracked 
| 101|0x0000000711a00000, 0x0000000711a00000, 0x0000000711c00000|  0%| F|  |TAMS 0x0000000711a00000, 0x0000000711a00000| Untracked 
| 102|0x0000000711c00000, 0x0000000711c00000, 0x0000000711e00000|  0%| F|  |TAMS 0x0000000711c00000, 0x0000000711c00000| Untracked 
| 103|0x0000000711e00000, 0x0000000711e00000, 0x0000000712000000|  0%| F|  |TAMS 0x0000000711e00000, 0x0000000711e00000| Untracked 
| 104|0x0000000712000000, 0x0000000712000000, 0x0000000712200000|  0%| F|  |TAMS 0x0000000712000000, 0x0000000712000000| Untracked 
| 105|0x0000000712200000, 0x0000000712200000, 0x0000000712400000|  0%| F|  |TAMS 0x0000000712200000, 0x0000000712200000| Untracked 
| 106|0x0000000712400000, 0x0000000712400000, 0x0000000712600000|  0%| F|  |TAMS 0x0000000712400000, 0x0000000712400000| Untracked 
| 107|0x0000000712600000, 0x0000000712600000, 0x0000000712800000|  0%| F|  |TAMS 0x0000000712600000, 0x0000000712600000| Untracked 
| 108|0x0000000712800000, 0x0000000712800000, 0x0000000712a00000|  0%| F|  |TAMS 0x0000000712800000, 0x0000000712800000| Untracked 
| 109|0x0000000712a00000, 0x0000000712a00000, 0x0000000712c00000|  0%| F|  |TAMS 0x0000000712a00000, 0x0000000712a00000| Untracked 
| 110|0x0000000712c00000, 0x0000000712c00000, 0x0000000712e00000|  0%| F|  |TAMS 0x0000000712c00000, 0x0000000712c00000| Untracked 
| 111|0x0000000712e00000, 0x0000000712e00000, 0x0000000713000000|  0%| F|  |TAMS 0x0000000712e00000, 0x0000000712e00000| Untracked 
| 112|0x0000000713000000, 0x0000000713000000, 0x0000000713200000|  0%| F|  |TAMS 0x0000000713000000, 0x0000000713000000| Untracked 
| 113|0x0000000713200000, 0x0000000713200000, 0x0000000713400000|  0%| F|  |TAMS 0x0000000713200000, 0x0000000713200000| Untracked 
| 114|0x0000000713400000, 0x0000000713400000, 0x0000000713600000|  0%| F|  |TAMS 0x0000000713400000, 0x0000000713400000| Untracked 
| 115|0x0000000713600000, 0x0000000713600000, 0x0000000713800000|  0%| F|  |TAMS 0x0000000713600000, 0x0000000713600000| Untracked 
| 116|0x0000000713800000, 0x0000000713800000, 0x0000000713a00000|  0%| F|  |TAMS 0x0000000713800000, 0x0000000713800000| Untracked 
| 117|0x0000000713a00000, 0x0000000713b3dca0, 0x0000000713c00000| 62%| S|CS|TAMS 0x0000000713a00000, 0x0000000713a00000| Complete 
| 118|0x0000000713c00000, 0x0000000713c00000, 0x0000000713e00000|  0%| F|  |TAMS 0x0000000713c00000, 0x0000000713c00000| Untracked 
| 119|0x0000000713e00000, 0x0000000713e00000, 0x0000000714000000|  0%| F|  |TAMS 0x0000000713e00000, 0x0000000713e00000| Untracked 
| 120|0x0000000714000000, 0x0000000714000000, 0x0000000714200000|  0%| F|  |TAMS 0x0000000714000000, 0x0000000714000000| Untracked 
| 121|0x0000000714200000, 0x0000000714200000, 0x0000000714400000|  0%| F|  |TAMS 0x0000000714200000, 0x0000000714200000| Untracked 
| 122|0x0000000714400000, 0x0000000714400000, 0x0000000714600000|  0%| F|  |TAMS 0x0000000714400000, 0x0000000714400000| Untracked 
| 123|0x0000000714600000, 0x0000000714600000, 0x0000000714800000|  0%| F|  |TAMS 0x0000000714600000, 0x0000000714600000| Untracked 
| 124|0x0000000714800000, 0x0000000714800000, 0x0000000714a00000|  0%| F|  |TAMS 0x0000000714800000, 0x0000000714800000| Untracked 
| 125|0x0000000714a00000, 0x0000000714a00000, 0x0000000714c00000|  0%| F|  |TAMS 0x0000000714a00000, 0x0000000714a00000| Untracked 
| 126|0x0000000714c00000, 0x0000000714c00000, 0x0000000714e00000|  0%| F|  |TAMS 0x0000000714c00000, 0x0000000714c00000| Untracked 
| 127|0x0000000714e00000, 0x0000000714e00000, 0x0000000715000000|  0%| F|  |TAMS 0x0000000714e00000, 0x0000000714e00000| Untracked 
| 128|0x0000000715000000, 0x0000000715000000, 0x0000000715200000|  0%| F|  |TAMS 0x0000000715000000, 0x0000000715000000| Untracked 
| 129|0x0000000715200000, 0x0000000715200000, 0x0000000715400000|  0%| F|  |TAMS 0x0000000715200000, 0x0000000715200000| Untracked 
| 130|0x0000000715400000, 0x0000000715400000, 0x0000000715600000|  0%| F|  |TAMS 0x0000000715400000, 0x0000000715400000| Untracked 
| 131|0x0000000715600000, 0x0000000715600000, 0x0000000715800000|  0%| F|  |TAMS 0x0000000715600000, 0x0000000715600000| Untracked 
| 132|0x0000000715800000, 0x0000000715800000, 0x0000000715a00000|  0%| F|  |TAMS 0x0000000715800000, 0x0000000715800000| Untracked 
| 133|0x0000000715a00000, 0x0000000715a00000, 0x0000000715c00000|  0%| F|  |TAMS 0x0000000715a00000, 0x0000000715a00000| Untracked 
| 134|0x0000000715c00000, 0x0000000715c00000, 0x0000000715e00000|  0%| F|  |TAMS 0x0000000715c00000, 0x0000000715c00000| Untracked 
| 135|0x0000000715e00000, 0x0000000715e00000, 0x0000000716000000|  0%| F|  |TAMS 0x0000000715e00000, 0x0000000715e00000| Untracked 
| 136|0x0000000716000000, 0x0000000716000000, 0x0000000716200000|  0%| F|  |TAMS 0x0000000716000000, 0x0000000716000000| Untracked 
| 137|0x0000000716200000, 0x0000000716200000, 0x0000000716400000|  0%| F|  |TAMS 0x0000000716200000, 0x0000000716200000| Untracked 
| 138|0x0000000716400000, 0x0000000716400000, 0x0000000716600000|  0%| F|  |TAMS 0x0000000716400000, 0x0000000716400000| Untracked 
| 139|0x0000000716600000, 0x0000000716600000, 0x0000000716800000|  0%| F|  |TAMS 0x0000000716600000, 0x0000000716600000| Untracked 
| 140|0x0000000716800000, 0x0000000716800000, 0x0000000716a00000|  0%| F|  |TAMS 0x0000000716800000, 0x0000000716800000| Untracked 
| 141|0x0000000716a00000, 0x0000000716a00000, 0x0000000716c00000|  0%| F|  |TAMS 0x0000000716a00000, 0x0000000716a00000| Untracked 
| 142|0x0000000716c00000, 0x0000000716c00000, 0x0000000716e00000|  0%| F|  |TAMS 0x0000000716c00000, 0x0000000716c00000| Untracked 
| 143|0x0000000716e00000, 0x0000000716e00000, 0x0000000717000000|  0%| F|  |TAMS 0x0000000716e00000, 0x0000000716e00000| Untracked 
| 144|0x0000000717000000, 0x0000000717000000, 0x0000000717200000|  0%| F|  |TAMS 0x0000000717000000, 0x0000000717000000| Untracked 
| 145|0x0000000717200000, 0x0000000717200000, 0x0000000717400000|  0%| F|  |TAMS 0x0000000717200000, 0x0000000717200000| Untracked 
| 146|0x0000000717400000, 0x0000000717400000, 0x0000000717600000|  0%| F|  |TAMS 0x0000000717400000, 0x0000000717400000| Untracked 
| 147|0x0000000717600000, 0x0000000717600000, 0x0000000717800000|  0%| F|  |TAMS 0x0000000717600000, 0x0000000717600000| Untracked 
| 148|0x0000000717800000, 0x0000000717800000, 0x0000000717a00000|  0%| F|  |TAMS 0x0000000717800000, 0x0000000717800000| Untracked 
| 149|0x0000000717a00000, 0x0000000717a00000, 0x0000000717c00000|  0%| F|  |TAMS 0x0000000717a00000, 0x0000000717a00000| Untracked 
| 150|0x0000000717c00000, 0x0000000717c00000, 0x0000000717e00000|  0%| F|  |TAMS 0x0000000717c00000, 0x0000000717c00000| Untracked 
| 151|0x0000000717e00000, 0x0000000717e00000, 0x0000000718000000|  0%| F|  |TAMS 0x0000000717e00000, 0x0000000717e00000| Untracked 
| 152|0x0000000718000000, 0x0000000718000000, 0x0000000718200000|  0%| F|  |TAMS 0x0000000718000000, 0x0000000718000000| Untracked 
| 153|0x0000000718200000, 0x0000000718200000, 0x0000000718400000|  0%| F|  |TAMS 0x0000000718200000, 0x0000000718200000| Untracked 
| 154|0x0000000718400000, 0x0000000718400000, 0x0000000718600000|  0%| F|  |TAMS 0x0000000718400000, 0x0000000718400000| Untracked 
| 155|0x0000000718600000, 0x0000000718600000, 0x0000000718800000|  0%| F|  |TAMS 0x0000000718600000, 0x0000000718600000| Untracked 
| 156|0x0000000718800000, 0x0000000718800000, 0x0000000718a00000|  0%| F|  |TAMS 0x0000000718800000, 0x0000000718800000| Untracked 
| 157|0x0000000718a00000, 0x0000000718a00000, 0x0000000718c00000|  0%| F|  |TAMS 0x0000000718a00000, 0x0000000718a00000| Untracked 
| 158|0x0000000718c00000, 0x0000000718c00000, 0x0000000718e00000|  0%| F|  |TAMS 0x0000000718c00000, 0x0000000718c00000| Untracked 
| 159|0x0000000718e00000, 0x0000000718e00000, 0x0000000719000000|  0%| F|  |TAMS 0x0000000718e00000, 0x0000000718e00000| Untracked 
| 160|0x0000000719000000, 0x0000000719000000, 0x0000000719200000|  0%| F|  |TAMS 0x0000000719000000, 0x0000000719000000| Untracked 
| 161|0x0000000719200000, 0x0000000719200000, 0x0000000719400000|  0%| F|  |TAMS 0x0000000719200000, 0x0000000719200000| Untracked 
| 162|0x0000000719400000, 0x0000000719400000, 0x0000000719600000|  0%| F|  |TAMS 0x0000000719400000, 0x0000000719400000| Untracked 
| 163|0x0000000719600000, 0x0000000719600000, 0x0000000719800000|  0%| F|  |TAMS 0x0000000719600000, 0x0000000719600000| Untracked 

Card table byte_map: [0x000001ab174c0000,0x000001ab17ca0000] _byte_map_base: 0x000001ab13c98000

Marking Bits (Prev, Next): (CMBitMap*) 0x000001ab7a1ef030, (CMBitMap*) 0x000001ab7a1eeff0
 Prev Bits: [0x000001ab1c340000, 0x000001ab20200000)
 Next Bits: [0x000001ab18480000, 0x000001ab1c340000)

Polling page: 0x000001ab00000000

Metaspace:

Usage:
  Non-class:     73.42 MB used.
      Class:     10.65 MB used.
       Both:     84.07 MB used.

Virtual space:
  Non-class space:       80.00 MB reserved,      73.75 MB ( 92%) committed,  10 nodes.
      Class space:        1.00 GB reserved,      10.94 MB (  1%) committed,  1 nodes.
              Both:        1.08 GB reserved,      84.69 MB (  8%) committed. 

Chunk freelists:
   Non-Class:  1.48 MB
       Class:  1.11 MB
        Both:  2.59 MB

MaxMetaspaceSize: 17179869184.00 GB
CompressedClassSpaceSize: 1.00 GB
 - commit_granule_bytes: 65536.
 - commit_granule_words: 8192.
 - virtual_space_node_default_size: 1048576.
 - enlarge_chunks_in_place: 1.
 - new_chunks_are_fully_committed: 0.
 - uncommit_free_chunks: 1.
 - use_allocation_guard: 0.
 - handle_deallocations: 1.


Internal statistics:

num_allocs_failed_limit: 9.
num_arena_births: 832.
num_arena_deaths: 0.
num_vsnodes_births: 11.
num_vsnodes_deaths: 0.
num_space_committed: 1355.
num_space_uncommitted: 0.
num_chunks_returned_to_freelist: 9.
num_chunks_taken_from_freelist: 4018.
num_chunk_merges: 9.
num_chunk_splits: 2913.
num_chunks_enlarged: 2250.
num_purges: 0.

CodeHeap 'non-profiled nmethods': size=238912Kb used=19545Kb max_used=19545Kb free=219367Kb
 bounds [0x000001ab07d60000, 0x000001ab09080000, 0x000001ab166b0000]
CodeHeap 'non-nmethods': size=6848Kb used=1430Kb max_used=1430Kb free=5417Kb
 bounds [0x000001ab076b0000, 0x000001ab07920000, 0x000001ab07d60000]
 total_blobs=11565 nmethods=10812 adapters=679
 compilation: enabled
              stopped_count=0, restarted_count=0
 full_count=0

Compilation events (20 events):
Event: 53.061 Thread 0x000001ab22846230 10804       1       org.springframework.data.mapping.model.AbstractPersistentProperty::getTypeInformation (5 bytes)
Event: 53.061 Thread 0x000001ab22846230 nmethod 10804 0x000001ab09072110 code [0x000001ab090722a0, 0x000001ab09072378]
Event: 53.078 Thread 0x000001ab22846230 10806       1       org.springframework.core.convert.support.GenericConversionService$Converters::getClassHierarchy (227 bytes)
Event: 53.082 Thread 0x000001ab22846230 nmethod 10806 0x000001ab09072710 code [0x000001ab09072a60, 0x000001ab090735a8]
Event: 53.095 Thread 0x000001ab22846230 10807       1       org.springframework.data.mapping.model.BytecodeUtil::isAccessible (13 bytes)
Event: 53.095 Thread 0x000001ab22846230 nmethod 10807 0x000001ab09073d10 code [0x000001ab09073ea0, 0x000001ab09073f78]
Event: 53.107 Thread 0x000001ab22846230 10808       1       org.springframework.data.mapping.model.AbstractPersistentProperty::isImmutable (5 bytes)
Event: 53.107 Thread 0x000001ab22846230 nmethod 10808 0x000001ab09074010 code [0x000001ab090741a0, 0x000001ab09074278]
Event: 53.108 Thread 0x000001ab22846230 10809       1       org.springframework.data.mapping.model.BytecodeUtil::referenceName (14 bytes)
Event: 53.109 Thread 0x000001ab22846230 nmethod 10809 0x000001ab09074310 code [0x000001ab09074520, 0x000001ab09074a58]
Event: 53.114 Thread 0x000001ab22846230 10810       1       org.springframework.data.mapping.model.BytecodeUtil::isAccessible (8 bytes)
Event: 53.115 Thread 0x000001ab22846230 nmethod 10810 0x000001ab09074c90 code [0x000001ab09074e20, 0x000001ab09074f08]
Event: 53.138 Thread 0x000001ab22846230 10811       1       org.springframework.data.mapping.model.ClassGeneratingPropertyAccessorFactory$PropertyStackAddress::compareTo (9 bytes)
Event: 53.138 Thread 0x000001ab22846230 nmethod 10811 0x000001ab09074f90 code [0x000001ab09075140, 0x000001ab09075298]
Event: 53.138 Thread 0x000001ab22846230 10812       1       org.springframework.data.mapping.model.ClassGeneratingPropertyAccessorFactory$PropertyStackAddress::compareTo (12 bytes)
Event: 53.138 Thread 0x000001ab22846230 nmethod 10812 0x000001ab09075390 code [0x000001ab09075520, 0x000001ab09075638]
Event: 53.138 Thread 0x000001ab22846230 10813       1       org.springframework.data.mapping.model.ClassGeneratingPropertyAccessorFactory$PropertyStackAddress::access$200 (5 bytes)
Event: 53.138 Thread 0x000001ab22846230 nmethod 10813 0x000001ab09075710 code [0x000001ab090758a0, 0x000001ab09075958]
Event: 53.143 Thread 0x000001ab22846230 10814       1       org.springframework.data.mapping.model.ClassGeneratingPropertyAccessorFactory$PropertyAccessorClassGenerator::generateMethodHandle (97 bytes)
Event: 53.143 Thread 0x000001ab22846230 nmethod 10814 0x000001ab09075a10 code [0x000001ab09075c60, 0x000001ab09076188]

GC Heap History (20 events):
Event: 46.164 GC heap after
{Heap after GC invocations=39 (full 0):
 garbage-first heap   total 204800K, used 83841K [0x0000000705000000, 0x0000000800000000)
  region size 2048K, 4 young (8192K), 4 survivors (8192K)
 Metaspace       used 76159K, committed 76736K, reserved 1122304K
  class space    used 9692K, committed 9984K, reserved 1048576K
}
Event: 46.999 GC heap before
{Heap before GC invocations=39 (full 0):
 garbage-first heap   total 204800K, used 167809K [0x0000000705000000, 0x0000000800000000)
  region size 2048K, 45 young (92160K), 4 survivors (8192K)
 Metaspace       used 76166K, committed 76736K, reserved 1122304K
  class space    used 9692K, committed 9984K, reserved 1048576K
}
Event: 47.022 GC heap after
{Heap after GC invocations=40 (full 0):
 garbage-first heap   total 204800K, used 101726K [0x0000000705000000, 0x0000000800000000)
  region size 2048K, 6 young (12288K), 6 survivors (12288K)
 Metaspace       used 76166K, committed 76736K, reserved 1122304K
  class space    used 9692K, committed 9984K, reserved 1048576K
}
Event: 47.505 GC heap before
{Heap before GC invocations=40 (full 0):
 garbage-first heap   total 204800K, used 132446K [0x0000000705000000, 0x0000000800000000)
  region size 2048K, 22 young (45056K), 6 survivors (12288K)
 Metaspace       used 76284K, committed 76864K, reserved 1122304K
  class space    used 9705K, committed 9984K, reserved 1048576K
}
Event: 47.534 GC heap after
{Heap after GC invocations=41 (full 0):
 garbage-first heap   total 204800K, used 114023K [0x0000000705000000, 0x0000000800000000)
  region size 2048K, 5 young (10240K), 5 survivors (10240K)
 Metaspace       used 76284K, committed 76864K, reserved 1122304K
  class space    used 9705K, committed 9984K, reserved 1048576K
}
Event: 47.834 GC heap before
{Heap before GC invocations=41 (full 0):
 garbage-first heap   total 204800K, used 154983K [0x0000000705000000, 0x0000000800000000)
  region size 2048K, 25 young (51200K), 5 survivors (10240K)
 Metaspace       used 76284K, committed 76864K, reserved 1122304K
  class space    used 9705K, committed 9984K, reserved 1048576K
}
Event: 47.852 GC heap after
{Heap after GC invocations=42 (full 0):
 garbage-first heap   total 204800K, used 125077K [0x0000000705000000, 0x0000000800000000)
  region size 2048K, 4 young (8192K), 4 survivors (8192K)
 Metaspace       used 76284K, committed 76864K, reserved 1122304K
  class space    used 9705K, committed 9984K, reserved 1048576K
}
Event: 48.238 GC heap before
{Heap before GC invocations=43 (full 0):
 garbage-first heap   total 223232K, used 157845K [0x0000000705000000, 0x0000000800000000)
  region size 2048K, 21 young (43008K), 4 survivors (8192K)
 Metaspace       used 76284K, committed 76864K, reserved 1122304K
  class space    used 9705K, committed 9984K, reserved 1048576K
}
Event: 48.247 GC heap after
{Heap after GC invocations=44 (full 0):
 garbage-first heap   total 223232K, used 131969K [0x0000000705000000, 0x0000000800000000)
  region size 2048K, 3 young (6144K), 3 survivors (6144K)
 Metaspace       used 76284K, committed 76864K, reserved 1122304K
  class space    used 9705K, committed 9984K, reserved 1048576K
}
Event: 48.514 GC heap before
{Heap before GC invocations=44 (full 0):
 garbage-first heap   total 223232K, used 168833K [0x0000000705000000, 0x0000000800000000)
  region size 2048K, 22 young (45056K), 3 survivors (6144K)
 Metaspace       used 76284K, committed 76864K, reserved 1122304K
  class space    used 9705K, committed 9984K, reserved 1048576K
}
Event: 48.536 GC heap after
{Heap after GC invocations=45 (full 0):
 garbage-first heap   total 335872K, used 146048K [0x0000000705000000, 0x0000000800000000)
  region size 2048K, 3 young (6144K), 3 survivors (6144K)
 Metaspace       used 76284K, committed 76864K, reserved 1122304K
  class space    used 9705K, committed 9984K, reserved 1048576K
}
Event: 49.185 GC heap before
{Heap before GC invocations=45 (full 0):
 garbage-first heap   total 335872K, used 244352K [0x0000000705000000, 0x0000000800000000)
  region size 2048K, 51 young (104448K), 3 survivors (6144K)
 Metaspace       used 76284K, committed 76864K, reserved 1122304K
  class space    used 9705K, committed 9984K, reserved 1048576K
}
Event: 49.220 GC heap after
{Heap after GC invocations=46 (full 0):
 garbage-first heap   total 335872K, used 170881K [0x0000000705000000, 0x0000000800000000)
  region size 2048K, 7 young (14336K), 7 survivors (14336K)
 Metaspace       used 76284K, committed 76864K, reserved 1122304K
  class space    used 9705K, committed 9984K, reserved 1048576K
}
Event: 50.170 GC heap before
{Heap before GC invocations=46 (full 0):
 garbage-first heap   total 335872K, used 248705K [0x0000000705000000, 0x0000000800000000)
  region size 2048K, 46 young (94208K), 7 survivors (14336K)
 Metaspace       used 77811K, committed 78336K, reserved 1122304K
  class space    used 9831K, committed 10112K, reserved 1048576K
}
Event: 50.197 GC heap after
{Heap after GC invocations=47 (full 0):
 garbage-first heap   total 335872K, used 179813K [0x0000000705000000, 0x0000000800000000)
  region size 2048K, 4 young (8192K), 4 survivors (8192K)
 Metaspace       used 77811K, committed 78336K, reserved 1122304K
  class space    used 9831K, committed 10112K, reserved 1048576K
}
Event: 51.812 GC heap before
{Heap before GC invocations=48 (full 0):
 garbage-first heap   total 335872K, used 253541K [0x0000000705000000, 0x0000000800000000)
  region size 2048K, 41 young (83968K), 4 survivors (8192K)
 Metaspace       used 82660K, committed 83200K, reserved 1122304K
  class space    used 10487K, committed 10752K, reserved 1048576K
}
Event: 51.832 GC heap after
{Heap after GC invocations=49 (full 0):
 garbage-first heap   total 335872K, used 185217K [0x0000000705000000, 0x0000000800000000)
  region size 2048K, 3 young (6144K), 3 survivors (6144K)
 Metaspace       used 82660K, committed 83200K, reserved 1122304K
  class space    used 10487K, committed 10752K, reserved 1048576K
}
Event: 51.898 GC heap before
{Heap before GC invocations=49 (full 0):
 garbage-first heap   total 335872K, used 195457K [0x0000000705000000, 0x0000000800000000)
  region size 2048K, 8 young (16384K), 3 survivors (6144K)
 Metaspace       used 82871K, committed 83392K, reserved 1122304K
  class space    used 10512K, committed 10752K, reserved 1048576K
}
Event: 51.917 GC heap after
{Heap after GC invocations=50 (full 0):
 garbage-first heap   total 335872K, used 158896K [0x0000000705000000, 0x0000000800000000)
  region size 2048K, 1 young (2048K), 1 survivors (2048K)
 Metaspace       used 82871K, committed 83392K, reserved 1122304K
  class space    used 10512K, committed 10752K, reserved 1048576K
}
Event: 53.148 GC heap before
{Heap before GC invocations=50 (full 0):
 garbage-first heap   total 335872K, used 251056K [0x0000000705000000, 0x0000000800000000)
  region size 2048K, 46 young (94208K), 1 survivors (2048K)
 Metaspace       used 86089K, committed 86720K, reserved 1130496K
  class space    used 10906K, committed 11200K, reserved 1048576K
}

Deoptimization events (14 events):
Event: 10.664 Thread 0x000001ab7a19ee70 DEOPT PACKING pc=0x000001ab0810ce7c sp=0x0000000cd1efd5d0
Event: 10.664 Thread 0x000001ab7a19ee70 DEOPT UNPACKING pc=0x000001ab076fdece sp=0x0000000cd1efcb28 mode 0
Event: 16.344 Thread 0x000001ab7a19ee70 DEOPT PACKING pc=0x000001ab08484d59 sp=0x0000000cd1efd380
Event: 16.344 Thread 0x000001ab7a19ee70 DEOPT UNPACKING pc=0x000001ab076fdece sp=0x0000000cd1efc918 mode 3
Event: 22.633 Thread 0x000001ab7a19ee70 DEOPT PACKING pc=0x000001ab085f712e sp=0x0000000cd1ef9520
Event: 22.633 Thread 0x000001ab7a19ee70 DEOPT UNPACKING pc=0x000001ab076fdece sp=0x0000000cd1ef9248 mode 3
Event: 30.795 Thread 0x000001ab7a19ee70 DEOPT PACKING pc=0x000001ab0803d9aa sp=0x0000000cd1efb500
Event: 30.795 Thread 0x000001ab7a19ee70 DEOPT UNPACKING pc=0x000001ab076fdece sp=0x0000000cd1efaa08 mode 3
Event: 31.126 Thread 0x000001ab7a19ee70 DEOPT PACKING pc=0x000001ab082f0f6c sp=0x0000000cd1ef8d70
Event: 31.126 Thread 0x000001ab7a19ee70 DEOPT UNPACKING pc=0x000001ab076fdece sp=0x0000000cd1ef82f0 mode 0
Event: 32.214 Thread 0x000001ab7a19ee70 DEOPT PACKING pc=0x000001ab08069d09 sp=0x0000000cd1efe660
Event: 32.214 Thread 0x000001ab7a19ee70 DEOPT UNPACKING pc=0x000001ab076fdece sp=0x0000000cd1efdaf0 mode 3
Event: 32.214 Thread 0x000001ab29164040 DEOPT PACKING pc=0x000001ab0802981f sp=0x0000000cd3bfef90
Event: 32.214 Thread 0x000001ab29164040 DEOPT UNPACKING pc=0x000001ab076fdece sp=0x0000000cd3bfe3e8 mode 3

Classes unloaded (0 events):
No events

Classes redefined (0 events):
No events

Internal exceptions (20 events):
Event: 51.438 Thread 0x000001ab7a19ee70 Exception <a 'java/lang/ClassNotFoundException'{0x00000007169c0618}: org/springframework/context/ApplicationContextAwareCustomizer> (0x00000007169c0618) 
thrown [t:\workspace\open\src\hotspot\share\classfile\systemDictionary.cpp, line 256]
Event: 51.439 Thread 0x000001ab7a19ee70 Exception <a 'java/lang/ClassNotFoundException'{0x00000007169c9cf8}: org/springframework/beans/factory/AwareCustomizer> (0x00000007169c9cf8) 
thrown [t:\workspace\open\src\hotspot\share\classfile\systemDictionary.cpp, line 256]
Event: 51.440 Thread 0x000001ab7a19ee70 Exception <a 'java/lang/ClassNotFoundException'{0x00000007169d2280}: org/springframework/context/ApplicationListenerCustomizer> (0x00000007169d2280) 
thrown [t:\workspace\open\src\hotspot\share\classfile\systemDictionary.cpp, line 256]
Event: 51.440 Thread 0x000001ab7a19ee70 Exception <a 'java/lang/ClassNotFoundException'{0x00000007169d4880}: java/util/EventListenerCustomizer> (0x00000007169d4880) 
thrown [t:\workspace\open\src\hotspot\share\classfile\systemDictionary.cpp, line 256]
Event: 51.440 Thread 0x000001ab7a19ee70 Exception <a 'java/lang/ClassNotFoundException'{0x00000007169dce30}: org/springframework/beans/factory/InitializingBeanCustomizer> (0x00000007169dce30) 
thrown [t:\workspace\open\src\hotspot\share\classfile\systemDictionary.cpp, line 256]
Event: 51.600 Thread 0x000001ab7a19ee70 Exception <a 'java/lang/ClassNotFoundException'{0x0000000715ed1dd0}: java/lang/ObjectCustomizer> (0x0000000715ed1dd0) 
thrown [t:\workspace\open\src\hotspot\share\classfile\systemDictionary.cpp, line 256]
Event: 51.601 Thread 0x000001ab7a19ee70 Exception <a 'java/lang/ClassNotFoundException'{0x0000000715ede0c0}: org/camunda/bpm/client/spring/impl/client/ClientFactoryCustomizer> (0x0000000715ede0c0) 
thrown [t:\workspace\open\src\hotspot\share\classfile\systemDictionary.cpp, line 256]
Event: 51.603 Thread 0x000001ab7a19ee70 Exception <a 'java/lang/ClassNotFoundException'{0x0000000715ef5558}: org/camunda/bpm/client/spring/boot/starter/impl/PropertiesAwareClientFactoryCustomizer> (0x0000000715ef5558) 
thrown [t:\workspace\open\src\hotspot\share\classfile\systemDictionary.cpp, line 256]
Event: 51.604 Thread 0x000001ab7a19ee70 Exception <a 'java/lang/ClassNotFoundException'{0x0000000715f066d8}: org/springframework/beans/factory/FactoryBeanCustomizer> (0x0000000715f066d8) 
thrown [t:\workspace\open\src\hotspot\share\classfile\systemDictionary.cpp, line 256]
Event: 51.605 Thread 0x000001ab7a19ee70 Exception <a 'java/lang/ClassNotFoundException'{0x0000000715f11718}: org/springframework/beans/factory/InitializingBeanCustomizer> (0x0000000715f11718) 
thrown [t:\workspace\open\src\hotspot\share\classfile\systemDictionary.cpp, line 256]
Event: 51.754 Thread 0x000001ab7a19ee70 Exception <a 'java/lang/ClassNotFoundException'{0x000000071562a0d8}: java/lang/ObjectCustomizer> (0x000000071562a0d8) 
thrown [t:\workspace\open\src\hotspot\share\classfile\systemDictionary.cpp, line 256]
Event: 51.755 Thread 0x000001ab7a19ee70 Exception <a 'java/lang/ClassNotFoundException'{0x0000000715636b30}: org/camunda/bpm/client/spring/impl/subscription/SpringTopicSubscriptionImplCustomizer> (0x0000000715636b30) 
thrown [t:\workspace\open\src\hotspot\share\classfile\systemDictionary.cpp, line 256]
Event: 51.756 Thread 0x000001ab7a19ee70 Exception <a 'java/lang/ClassNotFoundException'{0x0000000715655780}: org/camunda/bpm/client/spring/boot/starter/impl/PropertiesAwareSpringTopicSubscriptionCustomizer> (0x0000000715655780) 
thrown [t:\workspace\open\src\hotspot\share\classfile\systemDictionary.cpp, line 256]
Event: 51.758 Thread 0x000001ab7a19ee70 Exception <a 'java/lang/ClassNotFoundException'{0x0000000715676888}: org/camunda/bpm/client/spring/SpringTopicSubscriptionCustomizer> (0x0000000715676888) 
thrown [t:\workspace\open\src\hotspot\share\classfile\systemDictionary.cpp, line 256]
Event: 51.759 Thread 0x000001ab7a19ee70 Exception <a 'java/lang/ClassNotFoundException'{0x0000000715681ee8}: org/camunda/bpm/client/topic/TopicSubscriptionCustomizer> (0x0000000715681ee8) 
thrown [t:\workspace\open\src\hotspot\share\classfile\systemDictionary.cpp, line 256]
Event: 51.760 Thread 0x000001ab7a19ee70 Exception <a 'java/lang/ClassNotFoundException'{0x0000000715699cc8}: org/springframework/beans/factory/InitializingBeanCustomizer> (0x0000000715699cc8) 
thrown [t:\workspace\open\src\hotspot\share\classfile\systemDictionary.cpp, line 256]
Event: 51.877 Thread 0x000001ab7a19ee70 Exception <a 'java/lang/NoSuchMethodError'{0x00000007190b29a0}: 'java.lang.Object java.lang.invoke.DirectMethodHandle$Holder.invokeSpecial(java.lang.Object, java.lang.Object, int, java.lang.Object, int, java.lang.Object)'> (0x00000007190b29a0) 
thrown [t:\workspace\open\src\hotspot\share\interpreter\linkResolver.cpp, line 790]
Event: 51.877 Thread 0x000001ab7a19ee70 Exception <a 'java/lang/NoSuchMethodError'{0x00000007190bad60}: 'java.lang.Object java.lang.invoke.DirectMethodHandle$Holder.newInvokeSpecial(java.lang.Object, java.lang.Object, int, java.lang.Object, int)'> (0x00000007190bad60) 
thrown [t:\workspace\open\src\hotspot\share\interpreter\linkResolver.cpp, line 790]
Event: 51.878 Thread 0x000001ab7a19ee70 Exception <a 'java/lang/NoSuchMethodError'{0x00000007190bef70}: 'java.lang.Object java.lang.invoke.DirectMethodHandle$Holder.invokeSpecial(java.lang.Object, java.lang.Object, java.lang.Object, int, java.lang.Object, int)'> (0x00000007190bef70) 
thrown [t:\workspace\open\src\hotspot\share\interpreter\linkResolver.cpp, line 790]
Event: 51.880 Thread 0x000001ab7a19ee70 Exception <a 'java/lang/NoSuchMethodError'{0x00000007190cb9a8}: 'void java.lang.invoke.DirectMethodHandle$Holder.invokeVirtual(java.lang.Object, java.lang.Object)'> (0x00000007190cb9a8) 
thrown [t:\workspace\open\src\hotspot\share\interpreter\linkResolver.cpp, line 790]

Events (20 events):
Event: 53.116 Executing  VM operation: ICBufferFull done
Event: 53.119 Executing  VM operation: ICBufferFull
Event: 53.119 Executing  VM operation: ICBufferFull done
Event: 53.122 Executing  VM operation: ICBufferFull
Event: 53.122 Executing  VM operation: ICBufferFull done
Event: 53.127 Executing  VM operation: ICBufferFull
Event: 53.127 Executing  VM operation: ICBufferFull done
Event: 53.130 Executing  VM operation: ICBufferFull
Event: 53.130 Executing  VM operation: ICBufferFull done
Event: 53.133 Executing  VM operation: ICBufferFull
Event: 53.133 Executing  VM operation: ICBufferFull done
Event: 53.136 Executing  VM operation: ICBufferFull
Event: 53.136 Executing  VM operation: ICBufferFull done
Event: 53.139 Executing  VM operation: ICBufferFull
Event: 53.139 Executing  VM operation: ICBufferFull done
Event: 53.142 Executing  VM operation: ICBufferFull
Event: 53.143 Executing  VM operation: ICBufferFull done
Event: 53.145 Executing  VM operation: ICBufferFull
Event: 53.145 Executing  VM operation: ICBufferFull done
Event: 53.148 Executing  VM operation: G1CollectForAllocation


Dynamic libraries:
0x00007ff73bce0000 - 0x00007ff73bcee000 	C:\Users\10269\.jdks\openjdk-16.0.1\bin\java.exe
0x00007ff8a0910000 - 0x00007ff8a0b08000 	C:\WINDOWS\SYSTEM32\ntdll.dll
0x00007ff8a05a0000 - 0x00007ff8a065d000 	C:\WINDOWS\System32\KERNEL32.DLL
0x00007ff89e140000 - 0x00007ff89e40e000 	C:\WINDOWS\System32\KERNELBASE.dll
0x00007ff89e5c0000 - 0x00007ff89e6c0000 	C:\WINDOWS\System32\ucrtbase.dll
0x00007ff899d20000 - 0x00007ff899d39000 	C:\Users\10269\.jdks\openjdk-16.0.1\bin\VCRUNTIME140.dll
0x00007ff899cc0000 - 0x00007ff899cd8000 	C:\Users\10269\.jdks\openjdk-16.0.1\bin\jli.dll
0x00007ff89f6e0000 - 0x00007ff89f880000 	C:\WINDOWS\System32\USER32.dll
0x00007ff89e110000 - 0x00007ff89e132000 	C:\WINDOWS\System32\win32u.dll
0x00007ff89ea20000 - 0x00007ff89ea4a000 	C:\WINDOWS\System32\GDI32.dll
0x00007ff89e410000 - 0x00007ff89e51b000 	C:\WINDOWS\System32\gdi32full.dll
0x00007ff8892e0000 - 0x00007ff88957a000 	C:\WINDOWS\WinSxS\amd64_microsoft.windows.common-controls_6595b64144ccf1df_6.0.19041.1110_none_60b5254171f9507e\COMCTL32.dll
0x00007ff89e520000 - 0x00007ff89e5bd000 	C:\WINDOWS\System32\msvcp_win.dll
0x00007ff89fda0000 - 0x00007ff89fe3e000 	C:\WINDOWS\System32\msvcrt.dll
0x00007ff8a0720000 - 0x00007ff8a0750000 	C:\WINDOWS\System32\IMM32.DLL
0x00007ff899d50000 - 0x00007ff899d5c000 	C:\Users\10269\.jdks\openjdk-16.0.1\bin\vcruntime140_1.dll
0x00007ff884550000 - 0x00007ff8845e1000 	C:\Users\10269\.jdks\openjdk-16.0.1\bin\msvcp140.dll
0x00007ff860ad0000 - 0x00007ff86167b000 	C:\Users\10269\.jdks\openjdk-16.0.1\bin\server\jvm.dll
0x00007ff89fbc0000 - 0x00007ff89fc6e000 	C:\WINDOWS\System32\ADVAPI32.dll
0x00007ff8a0180000 - 0x00007ff8a021c000 	C:\WINDOWS\System32\sechost.dll
0x00007ff89fe40000 - 0x00007ff89ff65000 	C:\WINDOWS\System32\RPCRT4.dll
0x00007ff89f880000 - 0x00007ff89f888000 	C:\WINDOWS\System32\PSAPI.DLL
0x00007ff87d430000 - 0x00007ff87d439000 	C:\WINDOWS\SYSTEM32\WSOCK32.dll
0x00007ff8a07b0000 - 0x00007ff8a081b000 	C:\WINDOWS\System32\WS2_32.dll
0x00007ff885350000 - 0x00007ff885377000 	C:\WINDOWS\SYSTEM32\WINMM.dll
0x00007ff891360000 - 0x00007ff89136a000 	C:\WINDOWS\SYSTEM32\VERSION.dll
0x00007ff89c880000 - 0x00007ff89c892000 	C:\WINDOWS\SYSTEM32\kernel.appcore.dll
0x00007ff899c10000 - 0x00007ff899c1a000 	C:\Users\10269\.jdks\openjdk-16.0.1\bin\jimage.dll
0x00007ff889b60000 - 0x00007ff889d44000 	C:\WINDOWS\SYSTEM32\DBGHELP.DLL
0x00007ff889580000 - 0x00007ff8895ac000 	C:\WINDOWS\SYSTEM32\dbgcore.DLL
0x00007ff89e080000 - 0x00007ff89e102000 	C:\WINDOWS\System32\bcryptPrimitives.dll
0x00007ff8987b0000 - 0x00007ff8987be000 	C:\Users\10269\.jdks\openjdk-16.0.1\bin\instrument.dll
0x00007ff898710000 - 0x00007ff898735000 	C:\Users\10269\.jdks\openjdk-16.0.1\bin\java.dll
0x00007ff89eb20000 - 0x00007ff89f264000 	C:\WINDOWS\System32\SHELL32.dll
0x00007ff89bf20000 - 0x00007ff89c6b4000 	C:\WINDOWS\SYSTEM32\windows.storage.dll
0x00007ff8a0220000 - 0x00007ff8a0574000 	C:\WINDOWS\System32\combase.dll
0x00007ff89d9b0000 - 0x00007ff89d9e0000 	C:\WINDOWS\SYSTEM32\Wldp.dll
0x00007ff8a0820000 - 0x00007ff8a08cd000 	C:\WINDOWS\System32\SHCORE.dll
0x00007ff8a06c0000 - 0x00007ff8a0715000 	C:\WINDOWS\System32\shlwapi.dll
0x00007ff89df70000 - 0x00007ff89df8f000 	C:\WINDOWS\SYSTEM32\profapi.dll
0x00007ff893650000 - 0x00007ff893668000 	C:\Users\10269\.jdks\openjdk-16.0.1\bin\zip.dll
0x00007ff8991b0000 - 0x00007ff8991c9000 	C:\Users\10269\.jdks\openjdk-16.0.1\bin\net.dll
0x00007ff8903c0000 - 0x00007ff8904ca000 	C:\WINDOWS\SYSTEM32\WINHTTP.dll
0x00007ff89d790000 - 0x00007ff89d7fa000 	C:\WINDOWS\system32\mswsock.dll
0x00007ff8970c0000 - 0x00007ff8970d3000 	C:\Users\10269\.jdks\openjdk-16.0.1\bin\nio.dll
0x00007ff893670000 - 0x00007ff89368a000 	D:\Program Files\JetBrains\IntelliJ IDEA 2020.2.3\bin\breakgen64.dll
0x00007ff89d490000 - 0x00007ff89d55a000 	C:\WINDOWS\SYSTEM32\DNSAPI.dll
0x00007ff89d450000 - 0x00007ff89d48b000 	C:\WINDOWS\SYSTEM32\IPHLPAPI.DLL
0x00007ff8a0170000 - 0x00007ff8a0178000 	C:\WINDOWS\System32\NSI.dll
0x00007ff88f810000 - 0x00007ff88f81a000 	C:\Windows\System32\rasadhlp.dll
0x00007ff88fb10000 - 0x00007ff88fb90000 	C:\WINDOWS\System32\fwpuclnt.dll
0x00007ff89e6c0000 - 0x00007ff89e6e7000 	C:\WINDOWS\System32\bcrypt.dll
0x00007ff898640000 - 0x00007ff898649000 	C:\Users\10269\.jdks\openjdk-16.0.1\bin\management.dll
0x00007ff896640000 - 0x00007ff89664b000 	C:\Users\10269\.jdks\openjdk-16.0.1\bin\management_ext.dll
0x00007ff89dcf0000 - 0x00007ff89dd08000 	C:\WINDOWS\SYSTEM32\CRYPTSP.dll
0x00007ff89d0c0000 - 0x00007ff89d0f4000 	C:\WINDOWS\system32\rsaenh.dll
0x00007ff89df30000 - 0x00007ff89df5e000 	C:\WINDOWS\SYSTEM32\USERENV.dll
0x00007ff89d920000 - 0x00007ff89d92c000 	C:\WINDOWS\SYSTEM32\CRYPTBASE.dll
0x00007ff896500000 - 0x00007ff896517000 	C:\WINDOWS\SYSTEM32\dhcpcsvc6.DLL
0x00007ff8964e0000 - 0x00007ff8964fd000 	C:\WINDOWS\SYSTEM32\dhcpcsvc.DLL
0x00007ff87ea30000 - 0x00007ff87ea47000 	C:\WINDOWS\system32\napinsp.dll
0x00007ff87ea10000 - 0x00007ff87ea2b000 	C:\WINDOWS\system32\pnrpnsp.dll
0x00007ff87e9f0000 - 0x00007ff87ea05000 	C:\WINDOWS\system32\wshbth.dll
0x00007ff899bf0000 - 0x00007ff899c0d000 	C:\WINDOWS\system32\NLAapi.dll
0x00007ff87e9d0000 - 0x00007ff87e9e2000 	C:\WINDOWS\System32\winrnr.dll
0x00007ff88f360000 - 0x00007ff88f36e000 	C:\Users\10269\.jdks\openjdk-16.0.1\bin\sunmscapi.dll
0x00007ff89e6f0000 - 0x00007ff89e846000 	C:\WINDOWS\System32\CRYPT32.dll
0x00007ff89da20000 - 0x00007ff89da47000 	C:\WINDOWS\SYSTEM32\ncrypt.dll
0x00007ff89d9e0000 - 0x00007ff89da1b000 	C:\WINDOWS\SYSTEM32\NTASN1.dll
0x00007ff86be10000 - 0x00007ff86bf8f000 	C:\Users\10269\.jdks\openjdk-16.0.1\bin\awt.dll
0x00007ff89ea50000 - 0x00007ff89eb1d000 	C:\WINDOWS\System32\OLEAUT32.dll
0x00007ff89b680000 - 0x00007ff89b710000 	C:\WINDOWS\SYSTEM32\apphelp.dll
0x00007ff87e9c0000 - 0x00007ff87e9c7000 	C:\WINDOWS\system32\wshunix.dll

dbghelp: loaded successfully - version: 4.0.5 - missing functions: none
symbol engine: initialized successfully - sym options: 0x614 - pdb path: .;C:\Users\10269\.jdks\openjdk-16.0.1\bin;C:\WINDOWS\SYSTEM32;C:\WINDOWS\WinSxS\amd64_microsoft.windows.common-controls_6595b64144ccf1df_6.0.19041.1110_none_60b5254171f9507e;C:\Users\10269\.jdks\openjdk-16.0.1\bin\server;D:\Program Files\JetBrains\IntelliJ IDEA 2020.2.3\bin

VM Arguments:
jvm_args: -XX:TieredStopAtLevel=1 -Xverify:none -Dspring.output.ansi.enabled=always -javaagent:D:\Program Files\JetBrains\IntelliJ IDEA 2020.2.3\lib\idea_rt.jar=1443:D:\Program Files\JetBrains\IntelliJ IDEA 2020.2.3\bin -Dcom.sun.management.jmxremote -Dspring.jmx.enabled=true -Dspring.liveBeansView.mbeanDomain -Dspring.application.admin.enabled=true -Dfile.encoding=UTF-8 
java_command: com.lt.dom.DomApplication
java_class_path (initial): C:\Users\10269\AppData\Local\Temp\classpath2082619907.jar
Launcher Type: SUN_STANDARD

[Global flags]
     intx CICompilerCount                          = 3                                         {product} {ergonomic}
     uint ConcGCThreads                            = 1                                         {product} {ergonomic}
     uint G1ConcRefinementThreads                  = 4                                         {product} {ergonomic}
   size_t G1HeapRegionSize                         = 2097152                                   {product} {ergonomic}
    uintx GCDrainStackTargetSize                   = 64                                        {product} {ergonomic}
   size_t InitialHeapSize                          = 264241152                                 {product} {ergonomic}
     bool ManagementServer                         = true                                      {product} {command line}
   size_t MarkStackSize                            = 4194304                                   {product} {ergonomic}
   size_t MaxHeapSize                              = 4211081216                                {product} {ergonomic}
   size_t MaxNewSize                               = 2524971008                                {product} {ergonomic}
   size_t MinHeapDeltaBytes                        = 2097152                                   {product} {ergonomic}
   size_t MinHeapSize                              = 8388608                                   {product} {ergonomic}
    uintx NonNMethodCodeHeapSize                   = 6973028                                {pd product} {ergonomic}
    uintx NonProfiledCodeHeapSize                  = 244685212                              {pd product} {ergonomic}
    uintx ProfiledCodeHeapSize                     = 0                                      {pd product} {ergonomic}
    uintx ReservedCodeCacheSize                    = 251658240                              {pd product} {ergonomic}
     bool SegmentedCodeCache                       = true                                      {product} {ergonomic}
   size_t SoftMaxHeapSize                          = 4211081216                             {manageable} {ergonomic}
     intx TieredStopAtLevel                        = 1                                         {product} {command line}
     bool UseCompressedClassPointers               = true                           {product lp64_product} {ergonomic}
     bool UseCompressedOops                        = true                           {product lp64_product} {ergonomic}
     bool UseG1GC                                  = true                                      {product} {ergonomic}
     bool UseLargePagesIndividualAllocation        = false                                  {pd product} {ergonomic}

Logging:
Log output configuration:
 #0: stdout all=warning uptime,level,tags
 #1: stderr all=off uptime,level,tags

Environment Variables:
PATH=D:\Program Files (x86)\VMware\VMware Workstation\bin\;C:\Python310\Scripts\;C:\Python310\;C:\Program Files\Common Files\Oracle\Java\javapath;C:\WINDOWS\system32;C:\WINDOWS;C:\WINDOWS\System32\Wbem;C:\WINDOWS\System32\WindowsPowerShell\v1.0\;C:\WINDOWS\System32\OpenSSH\;C:\Program Files\Git\cmd;C:\Program Files\CMake\bin;D:\Program Files\Tesseract-OCR;E:\Program Files (x86)\NetSarang\Xftp 7\;C:\Program Files (x86)\NetSarang\Xshell 7\;E:\flutter_windows_1.22.6-stable\flutter\bin;E:\Users\10269\AppData\Local\Android\Sdk;D:\protoc-3.15.5-win64\bin;E:\flutter_windows_1.22.6-stable\flutter\bin\cache\dart-sdk\bin;D:\Program Files\nodejs\;C:\ProgramData\chocolatey\bin;C:\Program Files\dotnet\;C:\Program Files\Go\bin;d:\Program Files (x86)\Tencent\web\dll;C:\Users\10269\.local\share\solana\install\active_release\bin;C:\Users\10269\.cargo\bin;C:\Users\10269\AppData\Local\Microsoft\WindowsApps;C:\Users\10269\go\go1.15.4\bin;D:\Program Files\JetBrains\IntelliJ IDEA 2020.2.3\bin;;C:\Users\10269\go\bin;C:\mingw64\bin;C:\opencv\build\install\x64\mingw\bin;D:\bzip2-1.0.8.0-win-x64;e:\Program Files\Bandizip\;D:\apache-maven-3.8.2\bin;D:\chromedriver_win32;C:\Users\10269\AppData\Roaming\npm;D:\ProgramData\Anaconda3\Library\bin;C:\Users\10269\go\bin;C:\Program Files\JetBrains\GoLand 2022.1.2\bin;
USERNAME=10269
OS=Windows_NT
PROCESSOR_IDENTIFIER=Intel64 Family 6 Model 58 Stepping 9, GenuineIntel



---------------  S Y S T E M  ---------------

OS:
 Windows 10 , 64 bit Build 19041 (10.0.19041.1889)
OS uptime: 7 days 4:09 hours
Hyper-V role detected

CPU: total 4 (initial active 4) (2 cores per cpu, 2 threads per core) family 6 model 58 stepping 9 microcode 0x21, cx8, cmov, fxsr, ht, mmx, sse, sse2, sse3, ssse3, sse4.1, sse4.2, popcnt, tsc, tscinvbit, avx, aes, erms, clmul, vzeroupper, clflush, hv

Memory: 4k page, system-wide physical 16063M (950M free)
TotalPageFile size 30646M (AvailPageFile size 246M)
current process WorkingSet (physical memory assigned to process): 523M, peak: 523M
current process commit charge ("private bytes"): 562M, peak: 890M

vm_info: OpenJDK 64-Bit Server VM (16.0.1+9-24) for windows-amd64 JRE (16.0.1+9-24), built on Mar 26 2021 19:30:07 by "mach5one" with MS VC++ 16.7 (VS2019)

END.
