#
# There is insufficient memory for the Java Runtime Environment to continue.
# Native memory allocation (mmap) failed to map 264241152 bytes for G1 virtual space
# Possible reasons:
#   The system is out of physical RAM or swap space
#   The process is running with CompressedOops enabled, and the Java Heap may be blocking the growth of the native heap
# Possible solutions:
#   Reduce memory load on the system
#   Increase physical memory or swap space
#   Check if swap backing store is full
#   Decrease Java heap size (-Xmx/-Xms)
#   Decrease number of Java threads
#   Decrease Java thread stack sizes (-Xss)
#   Set larger code cache with -XX:ReservedCodeCacheSize=
#   JVM is running with Zero Based Compressed Oops mode in which the Java heap is
#     placed in the first 32GB address space. The Java Heap base address is the
#     maximum limit for the native heap growth. Please use -XX:HeapBaseMinAddress
#     to set the Java Heap base and to place the Java Heap above 32GB virtual address.
# This output file may be truncated or incomplete.
#
#  Out of Memory Error (os_windows.cpp:3466), pid=5408, tid=22576
#
# JRE version:  (16.0.1+9) (build )
# Java VM: OpenJDK 64-Bit Server VM (16.0.1+9-24, mixed mode, sharing, tiered, compressed oops, compressed class ptrs, g1 gc, windows-amd64)
# No core dump will be written. Minidumps are not enabled by default on client versions of Windows
#

---------------  S U M M A R Y ------------

Command Line: -XX:TieredStopAtLevel=1 -Xverify:none -Dspring.output.ansi.enabled=always -javaagent:D:\Program Files\JetBrains\IntelliJ IDEA 2020.2.3\lib\idea_rt.jar=16866:D:\Program Files\JetBrains\IntelliJ IDEA 2020.2.3\bin -Dcom.sun.management.jmxremote -Dspring.jmx.enabled=true -Dspring.liveBeansView.mbeanDomain -Dspring.application.admin.enabled=true -Dfile.encoding=UTF-8 com.lt.dom.DomApplication

Host: Intel(R) Core(TM) i5-3320M CPU @ 2.60GHz, 4 cores, 15G,  Windows 10 , 64 bit Build 19041 (10.0.19041.1889)
Time: Sun Aug 28 05:39:05 2022  Windows 10 , 64 bit Build 19041 (10.0.19041.1889) elapsed time: 0.023924 seconds (0d 0h 0m 0s)

---------------  T H R E A D  ---------------

Current thread (0x0000025faaace1f0):  JavaThread "Unknown thread" [_thread_in_vm, id=22576, stack(0x0000007845d00000,0x0000007845e00000)]

Stack: [0x0000007845d00000,0x0000007845e00000]
Native frames: (J=compiled Java code, j=interpreted, Vv=VM code, C=native code)
V  [jvm.dll+0x6687ca]
V  [jvm.dll+0x7ca3c9]
V  [jvm.dll+0x7cbb53]
V  [jvm.dll+0x7cc1b3]
V  [jvm.dll+0x242ea5]
V  [jvm.dll+0x665589]
V  [jvm.dll+0x65a175]
V  [jvm.dll+0x2fc5ab]
V  [jvm.dll+0x3037a6]
V  [jvm.dll+0x352fee]
V  [jvm.dll+0x35321f]
V  [jvm.dll+0x2d3618]
V  [jvm.dll+0x2d4854]
V  [jvm.dll+0x79ccb1]
V  [jvm.dll+0x360de1]
V  [jvm.dll+0x77a990]
V  [jvm.dll+0x3e55af]
V  [jvm.dll+0x3e7081]
C  [jli.dll+0x52fb]
C  [ucrtbase.dll+0x21bb2]
C  [KERNEL32.DLL+0x17034]
C  [ntdll.dll+0x52651]


---------------  P R O C E S S  ---------------

Threads class SMR info:
_java_thread_list=0x00007ffd305fcbb8, length=0, elements={
}

Java Threads: ( => current thread )

Other Threads:
  0x0000025faab1dfb0 GCTaskThread "GC Thread#0" [stack: 0x0000007845e00000,0x0000007845f00000] [id=28324]
  0x0000025faab2eaf0 ConcurrentGCThread "G1 Main Marker" [stack: 0x0000007845f00000,0x0000007846000000] [id=3520]
  0x0000025faab2f560 ConcurrentGCThread "G1 Conc#0" [stack: 0x0000007846000000,0x0000007846100000] [id=25812]

[error occurred during error reporting (printing all threads), id 0xc0000005, EXCEPTION_ACCESS_VIOLATION (0xc0000005) at pc=0x00007ffd2fdd44d7]

VM state: not at safepoint (not fully initialized)

VM Mutex/Monitor currently owned by a thread:  ([mutex/lock_event])
[0x0000025faaac97a0] Heap_lock - owner thread: 0x0000025faaace1f0

Heap address: 0x0000000705000000, size: 4016 MB, Compressed Oops mode: Zero based, Oop shift amount: 3

CDS archive(s) mapped at: [0x0000000000000000-0x0000000000000000-0x0000000000000000), size 0, SharedBaseAddress: 0x0000000800000000, ArchiveRelocationMode: 0.
Narrow klass base: 0x0000000000000000, Narrow klass shift: 0, Narrow klass range: 0x0

GC Precious Log:
<Empty>

Heap:
 garbage-first heap   total 0K, used 0K [0x0000000705000000, 0x0000000800000000)
  region size 2048K, 0 young (0K), 0 survivors (0K)

[error occurred during error reporting (printing heap information), id 0xc0000005, EXCEPTION_ACCESS_VIOLATION (0xc0000005) at pc=0x00007ffd301b24ed]

GC Heap History (0 events):
No events

Deoptimization events (0 events):
No events

Classes unloaded (0 events):
No events

Classes redefined (0 events):
No events

Internal exceptions (0 events):
No events

Events (1 events):
Event: 0.013 Loaded shared library C:\Users\10269\.jdks\openjdk-16.0.1\bin\java.dll


Dynamic libraries:
0x00007ff784d40000 - 0x00007ff784d4e000 	C:\Users\10269\.jdks\openjdk-16.0.1\bin\java.exe
0x00007ffd84cb0000 - 0x00007ffd84ea8000 	C:\WINDOWS\SYSTEM32\ntdll.dll
0x00007ffd82f30000 - 0x00007ffd82fed000 	C:\WINDOWS\System32\KERNEL32.DLL
0x00007ffd82720000 - 0x00007ffd829ee000 	C:\WINDOWS\System32\KERNELBASE.dll
0x00007ffd82a90000 - 0x00007ffd82b90000 	C:\WINDOWS\System32\ucrtbase.dll
0x00007ffd7ded0000 - 0x00007ffd7dee8000 	C:\Users\10269\.jdks\openjdk-16.0.1\bin\jli.dll
0x00007ffd7dcb0000 - 0x00007ffd7dcc9000 	C:\Users\10269\.jdks\openjdk-16.0.1\bin\VCRUNTIME140.dll
0x00007ffd83020000 - 0x00007ffd831c0000 	C:\WINDOWS\System32\USER32.dll
0x00007ffd82a60000 - 0x00007ffd82a82000 	C:\WINDOWS\System32\win32u.dll
0x00007ffd6c330000 - 0x00007ffd6c5ca000 	C:\WINDOWS\WinSxS\amd64_microsoft.windows.common-controls_6595b64144ccf1df_6.0.19041.1110_none_60b5254171f9507e\COMCTL32.dll
0x00007ffd82ff0000 - 0x00007ffd8301a000 	C:\WINDOWS\System32\GDI32.dll
0x00007ffd82e90000 - 0x00007ffd82f2e000 	C:\WINDOWS\System32\msvcrt.dll
0x00007ffd824b0000 - 0x00007ffd825bb000 	C:\WINDOWS\System32\gdi32full.dll
0x00007ffd82b90000 - 0x00007ffd82c2d000 	C:\WINDOWS\System32\msvcp_win.dll
0x00007ffd84410000 - 0x00007ffd84440000 	C:\WINDOWS\System32\IMM32.DLL
0x00007ffd7dec0000 - 0x00007ffd7decc000 	C:\Users\10269\.jdks\openjdk-16.0.1\bin\vcruntime140_1.dll
0x00007ffd7a970000 - 0x00007ffd7aa01000 	C:\Users\10269\.jdks\openjdk-16.0.1\bin\msvcp140.dll
0x00007ffd2faf0000 - 0x00007ffd3069b000 	C:\Users\10269\.jdks\openjdk-16.0.1\bin\server\jvm.dll
0x00007ffd842d0000 - 0x00007ffd8437e000 	C:\WINDOWS\System32\ADVAPI32.dll
0x00007ffd84440000 - 0x00007ffd844dc000 	C:\WINDOWS\System32\sechost.dll
0x00007ffd831c0000 - 0x00007ffd832e5000 	C:\WINDOWS\System32\RPCRT4.dll
0x00007ffd84170000 - 0x00007ffd84178000 	C:\WINDOWS\System32\PSAPI.DLL
0x00007ffd62320000 - 0x00007ffd62329000 	C:\WINDOWS\SYSTEM32\WSOCK32.dll
0x00007ffd844f0000 - 0x00007ffd8455b000 	C:\WINDOWS\System32\WS2_32.dll
0x00007ffd77800000 - 0x00007ffd7780a000 	C:\WINDOWS\SYSTEM32\VERSION.dll
0x00007ffd694e0000 - 0x00007ffd69507000 	C:\WINDOWS\SYSTEM32\WINMM.dll
0x00007ffd80c20000 - 0x00007ffd80c32000 	C:\WINDOWS\SYSTEM32\kernel.appcore.dll
0x00007ffd7dc60000 - 0x00007ffd7dc6a000 	C:\Users\10269\.jdks\openjdk-16.0.1\bin\jimage.dll
0x00007ffd6b320000 - 0x00007ffd6b504000 	C:\WINDOWS\SYSTEM32\DBGHELP.DLL
0x00007ffd6b2f0000 - 0x00007ffd6b31c000 	C:\WINDOWS\SYSTEM32\dbgcore.DLL
0x00007ffd82c80000 - 0x00007ffd82d02000 	C:\WINDOWS\System32\bcryptPrimitives.dll
0x00007ffd7dc10000 - 0x00007ffd7dc1e000 	C:\Users\10269\.jdks\openjdk-16.0.1\bin\instrument.dll
0x00007ffd7a770000 - 0x00007ffd7a795000 	C:\Users\10269\.jdks\openjdk-16.0.1\bin\java.dll

dbghelp: loaded successfully - version: 4.0.5 - missing functions: none
symbol engine: initialized successfully - sym options: 0x614 - pdb path: .;C:\Users\10269\.jdks\openjdk-16.0.1\bin;C:\WINDOWS\SYSTEM32;C:\WINDOWS\WinSxS\amd64_microsoft.windows.common-controls_6595b64144ccf1df_6.0.19041.1110_none_60b5254171f9507e;C:\Users\10269\.jdks\openjdk-16.0.1\bin\server

VM Arguments:
jvm_args: -XX:TieredStopAtLevel=1 -Xverify:none -Dspring.output.ansi.enabled=always -javaagent:D:\Program Files\JetBrains\IntelliJ IDEA 2020.2.3\lib\idea_rt.jar=16866:D:\Program Files\JetBrains\IntelliJ IDEA 2020.2.3\bin -Dcom.sun.management.jmxremote -Dspring.jmx.enabled=true -Dspring.liveBeansView.mbeanDomain -Dspring.application.admin.enabled=true -Dfile.encoding=UTF-8 
java_command: com.lt.dom.DomApplication
java_class_path (initial): C:\Users\10269\AppData\Local\Temp\classpath2003022018.jar
Launcher Type: SUN_STANDARD

[Global flags]
     intx CICompilerCount                          = 3                                         {product} {ergonomic}
     uint ConcGCThreads                            = 1                                         {product} {ergonomic}
     uint G1ConcRefinementThreads                  = 4                                         {product} {ergonomic}
   size_t G1HeapRegionSize                         = 2097152                                   {product} {ergonomic}
    uintx GCDrainStackTargetSize                   = 64                                        {product} {ergonomic}
   size_t InitialHeapSize                          = 264241152                                 {product} {ergonomic}
     bool ManagementServer                         = true                                      {product} {command line}
   size_t MarkStackSize                            = 4194304                                   {product} {ergonomic}
   size_t MaxHeapSize                              = 4211081216                                {product} {ergonomic}
   size_t MinHeapDeltaBytes                        = 2097152                                   {product} {ergonomic}
   size_t MinHeapSize                              = 8388608                                   {product} {ergonomic}
    uintx NonNMethodCodeHeapSize                   = 6973028                                {pd product} {ergonomic}
    uintx NonProfiledCodeHeapSize                  = 244685212                              {pd product} {ergonomic}
    uintx ProfiledCodeHeapSize                     = 0                                      {pd product} {ergonomic}
    uintx ReservedCodeCacheSize                    = 251658240                              {pd product} {ergonomic}
     bool SegmentedCodeCache                       = true                                      {product} {ergonomic}
   size_t SoftMaxHeapSize                          = 4211081216                             {manageable} {ergonomic}
     intx TieredStopAtLevel                        = 1                                         {product} {command line}
     bool UseCompressedClassPointers               = true                           {product lp64_product} {ergonomic}
     bool UseCompressedOops                        = true                           {product lp64_product} {ergonomic}
     bool UseG1GC                                  = true                                      {product} {ergonomic}
     bool UseLargePagesIndividualAllocation        = false                                  {pd product} {ergonomic}

Logging:
Log output configuration:
 #0: stdout all=warning uptime,level,tags
 #1: stderr all=off uptime,level,tags

Environment Variables:
PATH=D:\Program Files (x86)\VMware\VMware Workstation\bin\;C:\Python310\Scripts\;C:\Python310\;C:\Program Files\Common Files\Oracle\Java\javapath;C:\WINDOWS\system32;C:\WINDOWS;C:\WINDOWS\System32\Wbem;C:\WINDOWS\System32\WindowsPowerShell\v1.0\;C:\WINDOWS\System32\OpenSSH\;C:\Program Files\Git\cmd;C:\Program Files\CMake\bin;D:\Program Files\Tesseract-OCR;E:\Program Files (x86)\NetSarang\Xftp 7\;C:\Program Files (x86)\NetSarang\Xshell 7\;E:\flutter_windows_1.22.6-stable\flutter\bin;E:\Users\10269\AppData\Local\Android\Sdk;D:\protoc-3.15.5-win64\bin;E:\flutter_windows_1.22.6-stable\flutter\bin\cache\dart-sdk\bin;D:\Program Files\nodejs\;C:\ProgramData\chocolatey\bin;C:\Program Files\dotnet\;C:\Program Files\Go\bin;d:\Program Files (x86)\Tencent\微信web开发者工具\dll;C:\Users\10269\.local\share\solana\install\active_release\bin;C:\Users\10269\.cargo\bin;C:\Users\10269\AppData\Local\Microsoft\WindowsApps;C:\Users\10269\go\go1.15.4\bin;D:\Program Files\JetBrains\IntelliJ IDEA 2020.2.3\bin;;C:\Users\10269\go\bin;C:\mingw64\bin;C:\opencv\build\install\x64\mingw\bin;D:\bzip2-1.0.8.0-win-x64;e:\Program Files\Bandizip\;D:\apache-maven-3.8.2\bin;D:\chromedriver_win32;C:\Users\10269\AppData\Roaming\npm;D:\ProgramData\Anaconda3\Library\bin;C:\Users\10269\go\bin;C:\Program Files\JetBrains\GoLand 2022.1.2\bin;
USERNAME=10269
OS=Windows_NT
PROCESSOR_IDENTIFIER=Intel64 Family 6 Model 58 Stepping 9, GenuineIntel



---------------  S Y S T E M  ---------------

OS:
 Windows 10 , 64 bit Build 19041 (10.0.19041.1889)
OS uptime: 2 days 14:13 hours
Hyper-V role detected

CPU: total 4 (initial active 4) (2 cores per cpu, 2 threads per core) family 6 model 58 stepping 9 microcode 0x21, cx8, cmov, fxsr, ht, mmx, sse, sse2, sse3, ssse3, sse4.1, sse4.2, popcnt, tsc, tscinvbit, avx, aes, erms, clmul, vzeroupper, clflush, hv

Memory: 4k page, system-wide physical 16063M (1384M free)
TotalPageFile size 31231M (AvailPageFile size 80M)
current process WorkingSet (physical memory assigned to process): 10M, peak: 10M
current process commit charge ("private bytes"): 49M, peak: 301M

vm_info: OpenJDK 64-Bit Server VM (16.0.1+9-24) for windows-amd64 JRE (16.0.1+9-24), built on Mar 26 2021 19:30:07 by "mach5one" with MS VC++ 16.7 (VS2019)

END.
